<?xml version="1.0" encoding="UTF-8"?>
<!-- Generated by org.testng.reporters.JUnitReportReporter -->
<testsuite hostname="DESKTOP-0G65A4T" failures="0" tests="2" name="com.suntecsbs.LoginAppTest" time="0.009" errors="0" timestamp="2022-04-18T00:52:18 IST" skipped="0">
  <testcase classname="com.suntecsbs.LoginAppTest" name="loginTest1" time="0.008"/>
  <system-out/>
  <testcase classname="com.suntecsbs.LoginAppTest" name="loginTest2" time="0.001"/>
  <system-out/>
</testsuite> <!-- com.suntecsbs.LoginAppTest -->
